  assignment.cpp
  course.cpp
  doctor.cpp
  project.cpp
C:\projects\eductional management system\project\project.cpp(19,22): warning C4267: 'initializing': conversion from 'size_t' to 'int', possible loss of data
C:\projects\eductional management system\project\project.cpp(26,21): warning C4267: 'initializing': conversion from 'size_t' to 'int', possible loss of data
C:\projects\eductional management system\project\project.cpp(36,21): warning C4267: 'initializing': conversion from 'size_t' to 'int', possible loss of data
C:\projects\eductional management system\project\project.cpp(46,25): warning C4267: 'initializing': conversion from 'size_t' to 'int', possible loss of data
C:\projects\eductional management system\project\project.cpp(101,50): warning C4267: '=': conversion from 'size_t' to 'int', possible loss of data
C:\projects\eductional management system\project\project.cpp(128,50): warning C4267: '=': conversion from 'size_t' to 'int', possible loss of data
C:\projects\eductional management system\project\project.cpp(148,50): warning C4267: '=': conversion from 'size_t' to 'int', possible loss of data
C:\projects\eductional management system\project\project.cpp(149,54): warning C4267: '=': conversion from 'size_t' to 'int', possible loss of data
C:\projects\eductional management system\project\project.cpp(174,57): warning C4552: '/': result of expression not used
C:\projects\eductional management system\project\project.cpp(201,58): warning C4267: '=': conversion from 'size_t' to 'int', possible loss of data
C:\projects\eductional management system\project\project.cpp(266,50): warning C4267: '=': conversion from 'size_t' to 'int', possible loss of data
C:\projects\eductional management system\project\project.cpp(267,54): warning C4267: '=': conversion from 'size_t' to 'int', possible loss of data
C:\projects\eductional management system\project\project.cpp(333,50): warning C4267: '=': conversion from 'size_t' to 'int', possible loss of data
C:\projects\eductional management system\project\project.cpp(334,54): warning C4267: '=': conversion from 'size_t' to 'int', possible loss of data
C:\projects\eductional management system\project\project.cpp(363,50): warning C4267: '=': conversion from 'size_t' to 'int', possible loss of data
C:\projects\eductional management system\project\project.cpp(364,54): warning C4267: '=': conversion from 'size_t' to 'int', possible loss of data
C:\projects\eductional management system\project\project.cpp(426,54): warning C4267: '=': conversion from 'size_t' to 'int', possible loss of data
C:\projects\eductional management system\project\project.cpp(427,58): warning C4267: '=': conversion from 'size_t' to 'int', possible loss of data
C:\projects\eductional management system\project\project.cpp(448,54): warning C4267: '=': conversion from 'size_t' to 'int', possible loss of data
C:\projects\eductional management system\project\project.cpp(449,58): warning C4267: '=': conversion from 'size_t' to 'int', possible loss of data
C:\projects\eductional management system\project\project.cpp(463,54): warning C4267: '=': conversion from 'size_t' to 'int', possible loss of data
C:\projects\eductional management system\project\project.cpp(464,58): warning C4267: '=': conversion from 'size_t' to 'int', possible loss of data
C:\projects\eductional management system\project\project.cpp(477,62): warning C4267: '=': conversion from 'size_t' to 'int', possible loss of data
C:\projects\eductional management system\project\project.cpp(478,66): warning C4267: '=': conversion from 'size_t' to 'int', possible loss of data
C:\projects\eductional management system\project\project.cpp(511,62): warning C4267: '=': conversion from 'size_t' to 'int', possible loss of data
C:\projects\eductional management system\project\project.cpp(512,66): warning C4267: '=': conversion from 'size_t' to 'int', possible loss of data
C:\projects\eductional management system\project\project.cpp(51,9): warning C4101: 'cointer': unreferenced local variable
  student.cpp
  Generating Code...
  project.vcxproj -> C:\projects\eductional management system\x64\Debug\project.exe
